WARNING:EDK:1687 - Invalid path specified for ModuleSearchPath in XMP file.
   Please make sure that the directory specified exists.
WARNING:EDK:4092 - IPNAME: processing_system7, INSTANCE: processing_system7_0 -
   Pre-Production version not verified on hardware for architecture 'zynq' -
   E:\project2\system.mhs line 51 
WARNING:EDK:4092 - IPNAME: axi_interconnect, INSTANCE: axi_interconnect_1 -
   Pre-Production version not verified on hardware for architecture 'zynq' -
   E:\project2\system.mhs line 142 
WARNING:EDK:4092 - IPNAME: axi_gpio, INSTANCE: axi_gpio_0 - Pre-Production
   version not verified on hardware for architecture 'zynq' -
   E:\project2\system.mhs line 163 
WARNING:EDK:4092 - IPNAME: processing_system7, INSTANCE: processing_system7_0 -
   Pre-Production version not verified on hardware for architecture 'zynq' -
   E:\project2\system.mhs line 51 
WARNING:EDK:4092 - IPNAME: axi_interconnect, INSTANCE: axi_interconnect_1 -
   Pre-Production version not verified on hardware for architecture 'zynq' -
   E:\project2\system.mhs line 142 
WARNING:EDK:4092 - IPNAME: axi_gpio, INSTANCE: axi_gpio_0 - Pre-Production
   version not verified on hardware for architecture 'zynq' -
   E:\project2\system.mhs line 163 
WARNING:EDK:1687 - Invalid path specified for ModuleSearchPath in XMP file.
   Please make sure that the directory specified exists.
WARNING:EDK:4092 - IPNAME: processing_system7, INSTANCE: processing_system7_0 -
   Pre-Production version not verified on hardware for architecture 'zynq' -
   E:\project2\system.mhs line 51 
WARNING:EDK:4092 - IPNAME: axi_interconnect, INSTANCE: axi_interconnect_1 -
   Pre-Production version not verified on hardware for architecture 'zynq' -
   E:\project2\system.mhs line 142 
WARNING:EDK:4092 - IPNAME: axi_gpio, INSTANCE: axi_gpio_0 - Pre-Production
   version not verified on hardware for architecture 'zynq' -
   E:\project2\system.mhs line 163 
WARNING:EDK:4092 - IPNAME: processing_system7, INSTANCE: processing_system7_0 -
   Pre-Production version not verified on hardware for architecture 'zynq' -
   E:\project2\system.mhs line 51 
WARNING:EDK:4092 - IPNAME: axi_interconnect, INSTANCE: axi_interconnect_1 -
   Pre-Production version not verified on hardware for architecture 'zynq' -
   E:\project2\system.mhs line 142 
WARNING:EDK:4092 - IPNAME: axi_gpio, INSTANCE: axi_gpio_0 - Pre-Production
   version not verified on hardware for architecture 'zynq' -
   E:\project2\system.mhs line 163 
WARNING:EDK -
   C:\Xilinx\ISE14.4\14.4\ISE_DS\ISE\data\zynqconfig\ps7_internals\pcores\ps7_i2
   c_v1_00_a\data\ps7_i2c_v2_1_0.mpd line 108	Unknown PORT subproperty IIC
   Serial Data
WARNING:EDK -
   C:\Xilinx\ISE14.4\14.4\ISE_DS\ISE\data\zynqconfig\ps7_internals\pcores\ps7_i2
   c_v1_00_a\data\ps7_i2c_v2_1_0.mpd line 109	Unknown PORT subproperty IIC
   Serial Clock

Overriding IP level properties ...

Computing clock values...

Performing IP level DRCs on properties...

Running DRC Tcl procedures for OPTION IPLEVEL_DRC_PROC...
Address Map for Processor ps7_cortexa9_0
  (0000000000-0x0002ffff) ps7_ram_0	ps7_axi_interconnect_0
  (0x00100000-0x1fffffff) ps7_ddr_0	ps7_axi_interconnect_0
  (0x41200000-0x4120ffff) axi_gpio_0	ps7_axi_interconnect_0->axi_interconnect_1
  (0x71600000-0x7160ffff)
default_peripheral_0	ps7_axi_interconnect_0->axi_interconnect_1
  (0x74e00000-0x74e0ffff)
oled_bypass_ps2pl_0	ps7_axi_interconnect_0->axi_interconnect_1
  (0x75000000-0x7500ffff) i2s_ctrl_0	ps7_axi_interconnect_0->axi_interconnect_1
  (0xe0001000-0xe0001fff) ps7_uart_1	ps7_axi_interconnect_0
  (0xe0004000-0xe0004fff) ps7_i2c_0	ps7_axi_interconnect_0
  (0xe0200000-0xe0200fff) ps7_iop_bus_config_0	ps7_axi_interconnect_0
  (0xf8000000-0xf8000fff) ps7_slcr_0	ps7_axi_interconnect_0
  (0xf8003000-0xf8003fff) ps7_dma_s	ps7_axi_interconnect_0
  (0xf8004000-0xf8004fff) ps7_dma_ns	ps7_axi_interconnect_0
  (0xf8006000-0xf8006fff) ps7_ddrc_0	ps7_axi_interconnect_0
  (0xf8007000-0xf8007fff) ps7_dev_cfg_0	ps7_axi_interconnect_0
  (0xf8008000-0xf8008fff) ps7_afi_0	ps7_axi_interconnect_0
  (0xf8009000-0xf8009fff) ps7_afi_1	ps7_axi_interconnect_0
  (0xf800a000-0xf800afff) ps7_afi_2	ps7_axi_interconnect_0
  (0xf800b000-0xf800bfff) ps7_afi_3	ps7_axi_interconnect_0
  (0xf8f00100-0xf8f001ff) ps7_scugic_0	ps7_axi_interconnect_0
  (0xf8f00600-0xf8f0061f) ps7_scutimer_0	ps7_axi_interconnect_0
  (0xf8f00620-0xf8f006ff) ps7_scuwdt_0	ps7_axi_interconnect_0
  (0xffff0000-0xfffffdff) ps7_ram_1	ps7_axi_interconnect_0
Address Map for Processor ps7_cortexa9_1
  (0000000000-0x0002ffff) ps7_ram_0	ps7_axi_interconnect_0
  (0x00100000-0x1fffffff) ps7_ddr_0	ps7_axi_interconnect_0
  (0x41200000-0x4120ffff) axi_gpio_0	ps7_axi_interconnect_0->axi_interconnect_1
  (0x71600000-0x7160ffff)
default_peripheral_0	ps7_axi_interconnect_0->axi_interconnect_1
  (0x74e00000-0x74e0ffff)
oled_bypass_ps2pl_0	ps7_axi_interconnect_0->axi_interconnect_1
  (0x75000000-0x7500ffff) i2s_ctrl_0	ps7_axi_interconnect_0->axi_interconnect_1
  (0xe0001000-0xe0001fff) ps7_uart_1	ps7_axi_interconnect_0
  (0xe0004000-0xe0004fff) ps7_i2c_0	ps7_axi_interconnect_0
  (0xe0200000-0xe0200fff) ps7_iop_bus_config_0	ps7_axi_interconnect_0
  (0xf8000000-0xf8000fff) ps7_slcr_0	ps7_axi_interconnect_0
  (0xf8003000-0xf8003fff) ps7_dma_s	ps7_axi_interconnect_0
  (0xf8004000-0xf8004fff) ps7_dma_ns	ps7_axi_interconnect_0
  (0xf8006000-0xf8006fff) ps7_ddrc_0	ps7_axi_interconnect_0
  (0xf8007000-0xf8007fff) ps7_dev_cfg_0	ps7_axi_interconnect_0
  (0xf8008000-0xf8008fff) ps7_afi_0	ps7_axi_interconnect_0
  (0xf8009000-0xf8009fff) ps7_afi_1	ps7_axi_interconnect_0
  (0xf800a000-0xf800afff) ps7_afi_2	ps7_axi_interconnect_0
  (0xf800b000-0xf800bfff) ps7_afi_3	ps7_axi_interconnect_0
  (0xf8f00100-0xf8f001ff) ps7_scugic_0	ps7_axi_interconnect_0
  (0xf8f00600-0xf8f0061f) ps7_scutimer_0	ps7_axi_interconnect_0
  (0xf8f00620-0xf8f006ff) ps7_scuwdt_0	ps7_axi_interconnect_0
  (0xffff0000-0xfffffdff) ps7_ram_1	ps7_axi_interconnect_0

Checking platform address map ...
WARNING:EDK -
   C:\Xilinx\ISE14.4\14.4\ISE_DS\ISE\data\zynqconfig\ps7_internals\pcores\ps7_i2
   c_v1_00_a\data\ps7_i2c_v2_1_0.mpd line 108	Unknown PORT subproperty IIC
   Serial Data
WARNING:EDK -
   C:\Xilinx\ISE14.4\14.4\ISE_DS\ISE\data\zynqconfig\ps7_internals\pcores\ps7_i2
   c_v1_00_a\data\ps7_i2c_v2_1_0.mpd line 109	Unknown PORT subproperty IIC
   Serial Clock
Conversion to XML complete.
