Running: C:\Xilinx\ISE14.4\14.4\ISE_DS\ISE\bin\nt64\unwrapped\fuse.exe -intstyle ise -incremental -lib unisims_ver -lib unimacro_ver -lib xilinxcorelib_ver -lib secureip -o E:/lab4/tbfft_isim_beh.exe -prj E:/lab4/tbfft_beh.prj work.tbfft work.glbl 
ISim P.49d (signature 0x7708f090)
Number of CPUs detected in this system: 8
Turning on mult-threading, number of parallel sub-compilation jobs: 16 
Determining compilation order of HDL files
Analyzing Verilog file "E:/lab4/ipcore_dir/fft128.v" into library work
Analyzing Verilog file "C:/Xilinx/ISE14.4/14.4/ISE_DS/ISE//verilog/src/glbl.v" into library work
WARNING:HDLCompiler:687 - "C:/Xilinx/ISE14.4/14.4/ISE_DS/ISE//verilog/src/glbl.v" Line 5: Illegal redeclaration of module <glbl>.
Parsing VHDL file "C:/Users/gchristi001/Downloads/tbfft.vhd" into library work
Starting static elaboration
Completed static elaboration
Compiling module glbl
Compiling module VCC
Compiling module GND
Compiling module FDR
Compiling module FDE
Compiling module FD
Compiling module FDRE
Compiling module FDSE
Compiling module DSP48E(CARRYINSELREG=0,CREG=0,MA...
Compiling module DSP48E(ACASCREG=2,AREG=2,BCASCRE...
Compiling module LUT6(INIT=64'b111111110000000011...
Compiling module XORCY
Compiling module MUXCY
Compiling module LUT3(INIT=8'b10001010)
Compiling module LUT4(INIT=16'b01)
Compiling module LUT2(INIT=4'b1000)
Compiling module LUT1(INIT=2'b01)
Compiling module MUXF7
Compiling module LUT5(INIT=32'b010000000000000000...
Compiling module FDS
Compiling module INV
Compiling module SRLC16E
Compiling module RAM128X1D
Compiling module fft128
Compiling package standard
Compiling package std_logic_1164
Compiling package numeric_std
Compiling package std_logic_arith
Compiling package std_logic_unsigned
Compiling package textio
Compiling package std_logic_textio
Compiling package vl_types
Compiling architecture behavior of entity tbfft
Time Resolution for simulation is 1ps.
Waiting for 1 sub-compilation(s) to finish...
Compiled 9 VHDL Units
Compiled 74 Verilog Units
Built simulation executable E:/lab4/tbfft_isim_beh.exe
Fuse Memory Usage: 51772 KB
Fuse CPU Usage: 1029 ms
